device=mps MixedMQAR(V=512,pairs=1-128,q=128,gap=0) eval@D=128 seq=384  (rank-1 flip test; seed 0)

--- tiny_constLR1e-3 (tiny, 130368p, {'lr': 0.001, 'warmup': 2000, 'warmup_frac': 0.0, 'cosine': False}, cap=120000) ---
    step  2000  loss 5.4255  acc 0.0124  lr 1.00e-03
    step  4000  loss 1.0005  acc 0.0134  lr 1.00e-03
    step  6000  loss 5.1756  acc 0.0134  lr 1.00e-03
    step  8000  loss 3.9575  acc 0.0133  lr 1.00e-03
    step 10000  loss 4.5224  acc 0.0137  lr 1.00e-03
    step 12000  loss 5.2587  acc 0.0137  lr 1.00e-03
    step 14000  loss 5.3850  acc 0.0140  lr 1.00e-03
    step 16000  loss 5.3620  acc 0.0141  lr 1.00e-03
    step 18000  loss 5.2592  acc 0.0147  lr 1.00e-03
    step 20000  loss 5.2777  acc 0.0148  lr 1.00e-03
    step 22000  loss 5.3278  acc 0.0149  lr 1.00e-03
    step 24000  loss 5.0865  acc 0.0152  lr 1.00e-03
    step 26000  loss 5.1182  acc 0.0153  lr 1.00e-03
    step 28000  loss 5.3029  acc 0.0150  lr 1.00e-03
    step 30000  loss 5.2887  acc 0.0150  lr 1.00e-03
    step 32000  loss 5.3411  acc 0.0154  lr 1.00e-03
    step 34000  loss 5.1155  acc 0.0154  lr 1.00e-03
    step 36000  loss 5.3155  acc 0.0154  lr 1.00e-03
    step 38000  loss 3.8986  acc 0.0162  lr 1.00e-03
    step 40000  loss 4.8238  acc 0.0159  lr 1.00e-03
    step 42000  loss 4.4796  acc 0.0158  lr 1.00e-03
    step 44000  loss 0.7903  acc 0.0163  lr 1.00e-03
    step 46000  loss 3.3501  acc 0.0160  lr 1.00e-03
    step 48000  loss 5.0693  acc 0.0162  lr 1.00e-03
    step 50000  loss 5.2230  acc 0.0161  lr 1.00e-03
    step 52000  loss 5.2860  acc 0.0163  lr 1.00e-03
    step 54000  loss 0.0016  acc 0.0158  lr 1.00e-03
    step 56000  loss 4.9698  acc 0.0158  lr 1.00e-03
    step 58000  loss 4.6289  acc 0.0161  lr 1.00e-03
    step 60000  loss 5.2130  acc 0.0163  lr 1.00e-03
    step 62000  loss 5.3211  acc 0.0162  lr 1.00e-03
    step 64000  loss 5.1436  acc 0.0163  lr 1.00e-03
    step 66000  loss 5.2457  acc 0.0160  lr 1.00e-03
    step 68000  loss 4.3746  acc 0.0162  lr 1.00e-03
    step 70000  loss 5.1363  acc 0.0160  lr 1.00e-03
    step 72000  loss 4.4335  acc 0.0160  lr 1.00e-03
    step 74000  loss 4.9545  acc 0.0161  lr 1.00e-03
    step 76000  loss 4.7632  acc 0.0158  lr 1.00e-03
    step 78000  loss 5.2446  acc 0.0158  lr 1.00e-03
    step 80000  loss 5.1225  acc 0.0160  lr 1.00e-03
    step 82000  loss 4.6115  acc 0.0158  lr 1.00e-03
    step 84000  loss 3.4145  acc 0.0159  lr 1.00e-03
    step 86000  loss 5.2984  acc 0.0156  lr 1.00e-03
    step 88000  loss 5.0206  acc 0.0159  lr 1.00e-03
    step 90000  loss 5.1760  acc 0.0161  lr 1.00e-03
    step 92000  loss 4.4589  acc 0.0157  lr 1.00e-03
    step 94000  loss 5.1263  acc 0.0162  lr 1.00e-03
    step 96000  loss 4.7915  acc 0.0163  lr 1.00e-03
    step 98000  loss 4.5328  acc 0.0159  lr 1.00e-03
    step 100000  loss 5.2205  acc 0.0158  lr 1.00e-03
    step 102000  loss 5.2739  acc 0.0157  lr 1.00e-03
    step 104000  loss 5.2753  acc 0.0158  lr 1.00e-03
    step 106000  loss 3.7447  acc 0.0157  lr 1.00e-03
    step 108000  loss 2.7291  acc 0.0158  lr 1.00e-03
    step 110000  loss 4.8405  acc 0.0157  lr 1.00e-03
    step 112000  loss 5.0801  acc 0.0157  lr 1.00e-03
    step 114000  loss 2.4270  acc 0.0159  lr 1.00e-03
    step 116000  loss 3.0551  acc 0.0156  lr 1.00e-03
    step 118000  loss 5.1180  acc 0.0159  lr 1.00e-03
    step 120000  loss 5.1851  acc 0.0155  lr 1.00e-03
>>> tiny_constLR1e-3   best@D128=0.016 plateau@120000 (7575.9s) -> flat (<0.5) -> claim survives this arm

--- tiny_constLR2e-3 (tiny, 130368p, {'lr': 0.002, 'warmup': 2000, 'warmup_frac': 0.0, 'cosine': False}, cap=120000) ---
    step  2000  loss 5.4359  acc 0.0117  lr 2.00e-03
    step  4000  loss 0.9541  acc 0.0129  lr 2.00e-03
    step  6000  loss 5.1825  acc 0.0136  lr 2.00e-03
    step  8000  loss 4.0662  acc 0.0132  lr 2.00e-03
    step 10000  loss 4.5084  acc 0.0144  lr 2.00e-03
    step 12000  loss 5.2758  acc 0.0145  lr 2.00e-03
    step 14000  loss 5.3745  acc 0.0147  lr 2.00e-03
    step 16000  loss 5.3493  acc 0.0148  lr 2.00e-03
    step 18000  loss 5.2702  acc 0.0150  lr 2.00e-03
    step 20000  loss 5.2517  acc 0.0155  lr 2.00e-03
    step 22000  loss 5.2996  acc 0.0158  lr 2.00e-03
    step 24000  loss 5.0337  acc 0.0154  lr 2.00e-03
    step 26000  loss 5.0940  acc 0.0154  lr 2.00e-03
    step 28000  loss 5.2814  acc 0.0159  lr 2.00e-03
    step 30000  loss 5.2996  acc 0.0159  lr 2.00e-03
    step 32000  loss 5.3240  acc 0.0159  lr 2.00e-03
    step 34000  loss 5.0630  acc 0.0162  lr 2.00e-03
    step 36000  loss 5.2990  acc 0.0164  lr 2.00e-03
    step 38000  loss 3.7729  acc 0.0165  lr 2.00e-03
    step 40000  loss 4.7789  acc 0.0155  lr 2.00e-03
    step 42000  loss 4.4268  acc 0.0162  lr 2.00e-03
    step 44000  loss 0.8262  acc 0.0162  lr 2.00e-03
    step 46000  loss 3.2784  acc 0.0158  lr 2.00e-03
    step 48000  loss 5.0178  acc 0.0162  lr 2.00e-03
    step 50000  loss 5.1920  acc 0.0162  lr 2.00e-03
    step 52000  loss 5.2902  acc 0.0165  lr 2.00e-03
    step 54000  loss 0.0036  acc 0.0157  lr 2.00e-03
    step 56000  loss 4.9474  acc 0.0163  lr 2.00e-03
    step 58000  loss 4.5985  acc 0.0160  lr 2.00e-03
    step 60000  loss 5.1754  acc 0.0157  lr 2.00e-03
    step 62000  loss 5.2859  acc 0.0158  lr 2.00e-03
    step 64000  loss 5.1218  acc 0.0162  lr 2.00e-03
